This is pdfTeX, Version 3.1415926-2.5-1.40.14 (TeX Live 2013/Debian) (format=pdflatex 2015.7.18)  18 JUL 2015 08:13
entering extended mode
 restricted \write18 enabled.
 %&-line parsing enabled.
**143050038.tex
(./143050038.tex
LaTeX2e <2011/06/27>
Babel <3.9h> and hyphenation patterns for 7 languages loaded.
(/usr/share/texlive/texmf-dist/tex/latex/base/article.cls
Document Class: article 2007/10/19 v1.4h Standard LaTeX document class
(/usr/share/texlive/texmf-dist/tex/latex/base/size10.clo
File: size10.clo 2007/10/19 v1.4h Standard LaTeX file (size option)
)
\c@part=\count79
\c@section=\count80
\c@subsection=\count81
\c@subsubsection=\count82
\c@paragraph=\count83
\c@subparagraph=\count84
\c@figure=\count85
\c@table=\count86
\abovecaptionskip=\skip41
\belowcaptionskip=\skip42
\bibindent=\dimen102
)
(/usr/share/texlive/texmf-dist/tex/latex/geometry/geometry.sty
Package: geometry 2010/09/12 v5.6 Page Geometry

(/usr/share/texlive/texmf-dist/tex/latex/graphics/keyval.sty
Package: keyval 1999/03/16 v1.13 key=value parser (DPC)
\KV@toks@=\toks14
)
(/usr/share/texlive/texmf-dist/tex/generic/oberdiek/ifpdf.sty
Package: ifpdf 2011/01/30 v2.3 Provides the ifpdf switch (HO)
Package ifpdf Info: pdfTeX in PDF mode is detected.
)
(/usr/share/texlive/texmf-dist/tex/generic/oberdiek/ifvtex.sty
Package: ifvtex 2010/03/01 v1.5 Detect VTeX and its facilities (HO)
Package ifvtex Info: VTeX not detected.
)
(/usr/share/texlive/texmf-dist/tex/generic/ifxetex/ifxetex.sty
Package: ifxetex 2010/09/12 v0.6 Provides ifxetex conditional
)
\Gm@cnth=\count87
\Gm@cntv=\count88
\c@Gm@tempcnt=\count89
\Gm@bindingoffset=\dimen103
\Gm@wd@mp=\dimen104
\Gm@odd@mp=\dimen105
\Gm@even@mp=\dimen106
\Gm@layoutwidth=\dimen107
\Gm@layoutheight=\dimen108
\Gm@layouthoffset=\dimen109
\Gm@layoutvoffset=\dimen110
\Gm@dimlist=\toks15
)
(/usr/share/texlive/texmf-dist/tex/latex/graphics/graphicx.sty
Package: graphicx 1999/02/16 v1.0f Enhanced LaTeX Graphics (DPC,SPQR)

(/usr/share/texlive/texmf-dist/tex/latex/graphics/graphics.sty
Package: graphics 2009/02/05 v1.0o Standard LaTeX Graphics (DPC,SPQR)

(/usr/share/texlive/texmf-dist/tex/latex/graphics/trig.sty
Package: trig 1999/03/16 v1.09 sin cos tan (DPC)
)
(/usr/share/texlive/texmf-dist/tex/latex/latexconfig/graphics.cfg
File: graphics.cfg 2010/04/23 v1.9 graphics configuration of TeX Live
)
Package graphics Info: Driver file: pdftex.def on input line 91.

(/usr/share/texlive/texmf-dist/tex/latex/pdftex-def/pdftex.def
File: pdftex.def 2011/05/27 v0.06d Graphics/color for pdfTeX

(/usr/share/texlive/texmf-dist/tex/generic/oberdiek/infwarerr.sty
Package: infwarerr 2010/04/08 v1.3 Providing info/warning/error messages (HO)
)
(/usr/share/texlive/texmf-dist/tex/generic/oberdiek/ltxcmds.sty
Package: ltxcmds 2011/11/09 v1.22 LaTeX kernel commands for general use (HO)
)
\Gread@gobject=\count90
))
\Gin@req@height=\dimen111
\Gin@req@width=\dimen112
)
(/usr/share/texlive/texmf-dist/tex/latex/tools/tabularx.sty
Package: tabularx 1999/01/07 v2.07 `tabularx' package (DPC)

(/usr/share/texlive/texmf-dist/tex/latex/tools/array.sty
Package: array 2008/09/09 v2.4c Tabular extension package (FMi)
\col@sep=\dimen113
\extrarowheight=\dimen114
\NC@list=\toks16
\extratabsurround=\skip43
\backup@length=\skip44
)
\TX@col@width=\dimen115
\TX@old@table=\dimen116
\TX@old@col=\dimen117
\TX@target=\dimen118
\TX@delta=\dimen119
\TX@cols=\count91
\TX@ftn=\toks17
)
(/usr/share/texlive/texmf-dist/tex/latex/psnfss/palatino.sty
Package: palatino 2005/04/12 PSNFSS-v9.2a (SPQR) 
)
LaTeX Font Info:    Try loading font information for OT1+SansSerif on input lin
e 9.
LaTeX Font Info:    No file OT1SansSerif.fd. on input line 9.


LaTeX Font Warning: Font shape `OT1/SansSerif/m/n' undefined
(Font)              using `OT1/cmr/m/n' instead on input line 9.

(/usr/share/texlive/texmf-dist/tex/latex/enumitem/enumitem.sty
Package: enumitem 2011/09/28 v3.5.2 Customized lists
\labelindent=\skip45
\enit@outerparindent=\dimen120
\enit@toks=\toks18
\enit@inbox=\box26
\enitdp@description=\count92
)
(/usr/share/texlive/texmf-dist/tex/latex/tools/multicol.sty
Package: multicol 2011/06/27 v1.7a multicolumn formatting (FMi)
\c@tracingmulticols=\count93
\mult@box=\box27
\multicol@leftmargin=\dimen121
\c@unbalance=\count94
\c@collectmore=\count95
\doublecol@number=\count96
\multicoltolerance=\count97
\multicolpretolerance=\count98
\full@width=\dimen122
\page@free=\dimen123
\premulticols=\dimen124
\postmulticols=\dimen125
\multicolsep=\skip46
\multicolbaselineskip=\skip47
\partial@page=\box28
\last@line=\box29
\mult@rightbox=\box30
\mult@grightbox=\box31
\mult@gfirstbox=\box32
\mult@firstbox=\box33
\@tempa=\box34
\@tempa=\box35
\@tempa=\box36
\@tempa=\box37
\@tempa=\box38
\@tempa=\box39
\@tempa=\box40
\@tempa=\box41
\@tempa=\box42
\@tempa=\box43
\@tempa=\box44
\@tempa=\box45
\@tempa=\box46
\@tempa=\box47
\@tempa=\box48
\@tempa=\box49
\@tempa=\box50
\c@columnbadness=\count99
\c@finalcolumnbadness=\count100
\last@try=\dimen126
\multicolovershoot=\dimen127
\multicolundershoot=\dimen128
\mult@nat@firstbox=\box51
\colbreak@box=\box52
\multicol@sort@counter=\count101
)
(/usr/share/texlive/texmf-dist/tex/latex/base/fontenc.sty
Package: fontenc 2005/09/27 v1.99g Standard LaTeX package

(/usr/share/texlive/texmf-dist/tex/latex/base/t1enc.def
File: t1enc.def 2005/09/27 v1.99g Standard LaTeX file
LaTeX Font Info:    Redeclaring font encoding T1 on input line 43.
)
LaTeX Font Info:    Try loading font information for T1+SansSerif on input line
 100.
LaTeX Font Info:    No file T1SansSerif.fd. on input line 100.


LaTeX Font Warning: Font shape `T1/SansSerif/m/n' undefined
(Font)              using `T1/cmr/m/n' instead on input line 100.

) (/usr/share/texlive/texmf-dist/tex/latex/base/inputenc.sty
Package: inputenc 2008/03/30 v1.1d Input encoding file
\inpenc@prehook=\toks19
\inpenc@posthook=\toks20

(/usr/share/texlive/texmf-dist/tex/latex/base/ansinew.def
File: ansinew.def 2008/03/30 v1.1d Input encoding file
))
(/usr/share/texlive/texmf-dist/tex/latex/hyphenat/hyphenat.sty
Package: hyphenat 2009/09/02 v2.3c hyphenation utilities
\langwohyphens=\language8
LaTeX Info: Redefining \_ on input line 43.
)
(/usr/share/texlive/texmf-dist/tex/latex/graphics/color.sty
Package: color 2005/11/14 v1.0j Standard LaTeX Color (DPC)

(/usr/share/texlive/texmf-dist/tex/latex/latexconfig/color.cfg
File: color.cfg 2007/01/18 v1.5 color configuration of teTeX/TeXLive
)
Package color Info: Driver file: pdftex.def on input line 130.
)
(/usr/share/texlive/texmf-dist/tex/latex/frankenstein/newclude.sty
Package: newclude 1999/11/02 v2 A new system for including files (Frankenstein'
s backbone)

(/usr/share/texlive/texmf-dist/tex/latex/frankenstein/moredefs.sty
Package: moredefs 2001/08/31 v1.8 more defining commands (Frankenstein's brain)

\sc@toks@a=\toks21
\sc@toks@b=\toks22
)
\nc@toks@a=\toks23
\c@IncludeDepth=\count102
)
(/usr/share/texlive/texmf-dist/tex/latex/frankenstein/tag.sto) (./143050038.aux
)
\openout1 = `143050038.aux'.

LaTeX Font Info:    Checking defaults for OML/cmm/m/it on input line 46.
LaTeX Font Info:    ... okay on input line 46.
LaTeX Font Info:    Checking defaults for T1/cmr/m/n on input line 46.
LaTeX Font Info:    ... okay on input line 46.
LaTeX Font Info:    Checking defaults for OT1/cmr/m/n on input line 46.
LaTeX Font Info:    ... okay on input line 46.
LaTeX Font Info:    Checking defaults for OMS/cmsy/m/n on input line 46.
LaTeX Font Info:    ... okay on input line 46.
LaTeX Font Info:    Checking defaults for OMX/cmex/m/n on input line 46.
LaTeX Font Info:    ... okay on input line 46.
LaTeX Font Info:    Checking defaults for U/cmr/m/n on input line 46.
LaTeX Font Info:    ... okay on input line 46.
LaTeX Font Info:    Try loading font information for T1+ppl on input line 46.
 (/usr/share/texlive/texmf-dist/tex/latex/psnfss/t1ppl.fd
File: t1ppl.fd 2001/06/04 font definitions for T1/ppl.
)
*geometry* driver: auto-detecting
*geometry* detected driver: pdftex
*geometry* verbose mode - [ preamble ] result:
* driver: pdftex
* paper: a4paper
* layout: <same size as paper>
* layoutoffset:(h,v)=(0.0pt,0.0pt)
* modes: 
* h-part:(L,W,R)=(39.74872pt, 496.32922pt, 61.42993pt)
* v-part:(T,H,B)=(54.2025pt, 736.64185pt, 54.2025pt)
* \paperwidth=597.50787pt
* \paperheight=845.04684pt
* \textwidth=496.32922pt
* \textheight=722.7pt
* \oddsidemargin=-32.52127pt
* \evensidemargin=-32.52127pt
* \topmargin=-55.06749pt
* \headheight=12.0pt
* \headsep=25.0pt
* \topskip=10.0pt
* \footskip=30.0pt
* \marginparwidth=57.0pt
* \marginparsep=11.0pt
* \columnsep=10.0pt
* \skip\footins=9.0pt plus 4.0pt minus 2.0pt
* \hoffset=0.0pt
* \voffset=0.0pt
* \mag=1000
* \@twocolumnfalse
* \@twosidefalse
* \@mparswitchfalse
* \@reversemarginfalse
* (1in=72.27pt=25.4mm, 1cm=28.453pt)

(/usr/share/texlive/texmf-dist/tex/context/base/supp-pdf.mkii
[Loading MPS to PDF converter (version 2006.09.02).]
\scratchcounter=\count103
\scratchdimen=\dimen129
\scratchbox=\box53
\nofMPsegments=\count104
\nofMParguments=\count105
\everyMPshowfont=\toks24
\MPscratchCnt=\count106
\MPscratchDim=\dimen130
\MPnumerator=\count107
\makeMPintoPDFobject=\count108
\everyMPtoPDFconversion=\toks25
) (/usr/share/texlive/texmf-dist/tex/generic/oberdiek/pdftexcmds.sty
Package: pdftexcmds 2011/11/29 v0.20 Utility functions of pdfTeX for LuaTeX (HO
)

(/usr/share/texlive/texmf-dist/tex/generic/oberdiek/ifluatex.sty
Package: ifluatex 2010/03/01 v1.3 Provides the ifluatex switch (HO)
Package ifluatex Info: LuaTeX not detected.
)
Package pdftexcmds Info: LuaTeX not detected.
Package pdftexcmds Info: \pdf@primitive is available.
Package pdftexcmds Info: \pdf@ifprimitive is available.
Package pdftexcmds Info: \pdfdraftmode found.
)
(/usr/share/texlive/texmf-dist/tex/latex/oberdiek/epstopdf-base.sty
Package: epstopdf-base 2010/02/09 v2.5 Base part for package epstopdf

(/usr/share/texlive/texmf-dist/tex/latex/oberdiek/grfext.sty
Package: grfext 2010/08/19 v1.1 Manage graphics extensions (HO)

(/usr/share/texlive/texmf-dist/tex/generic/oberdiek/kvdefinekeys.sty
Package: kvdefinekeys 2011/04/07 v1.3 Define keys (HO)
))
(/usr/share/texlive/texmf-dist/tex/latex/oberdiek/kvoptions.sty
Package: kvoptions 2011/06/30 v3.11 Key value format for package options (HO)

(/usr/share/texlive/texmf-dist/tex/generic/oberdiek/kvsetkeys.sty
Package: kvsetkeys 2012/04/25 v1.16 Key value parser (HO)

(/usr/share/texlive/texmf-dist/tex/generic/oberdiek/etexcmds.sty
Package: etexcmds 2011/02/16 v1.5 Avoid name clashes with e-TeX commands (HO)
Package etexcmds Info: Could not find \expanded.
(etexcmds)             That can mean that you are not using pdfTeX 1.50 or
(etexcmds)             that some package has redefined \expanded.
(etexcmds)             In the latter case, load this package earlier.
)))
Package grfext Info: Graphics extension search list:
(grfext)             [.png,.pdf,.jpg,.mps,.jpeg,.jbig2,.jb2,.PNG,.PDF,.JPG,.JPE
G,.JBIG2,.JB2,.eps]
(grfext)             \AppendGraphicsExtensions on input line 452.

(/usr/share/texlive/texmf-dist/tex/latex/latexconfig/epstopdf-sys.cfg
File: epstopdf-sys.cfg 2010/07/13 v1.3 Configuration of (r)epstopdf for TeX Liv
e
))
Underfull \hbox (badness 10000) in paragraph at lines 47--62

 []


Underfull \hbox (badness 10000) in paragraph at lines 47--62

 []


Underfull \hbox (badness 10000) in paragraph at lines 47--62

 []


Underfull \hbox (badness 10000) in paragraph at lines 47--62

 []


Underfull \hbox (badness 10000) in paragraph at lines 47--62

 []


Underfull \hbox (badness 10000) in paragraph at lines 47--62

 []


Underfull \hbox (badness 10000) in paragraph at lines 47--62

 []


Underfull \hbox (badness 10000) in paragraph at lines 47--62

 []


Underfull \hbox (badness 10000) in paragraph at lines 47--62

 []


Underfull \hbox (badness 10000) in paragraph at lines 47--62

 []


Underfull \hbox (badness 10000) in paragraph at lines 47--62

 []


Underfull \hbox (badness 10000) in paragraph at lines 47--62

 []

(./MTP.tex
LaTeX Font Info:    Font shape `T1/ppl/bx/n' in size <9> not available
(Font)              Font shape `T1/ppl/b/n' tried instead on input line 1.
LaTeX Font Info:    Font shape `T1/ppl/bx/n' in size <12> not available
(Font)              Font shape `T1/ppl/b/n' tried instead on input line 1.
LaTeX Font Info:    External font `cmex10' loaded for size
(Font)              <9> on input line 1.
LaTeX Font Info:    External font `cmex10' loaded for size
(Font)              <6> on input line 1.
LaTeX Font Info:    External font `cmex10' loaded for size
(Font)              <5> on input line 1.

Overfull \hbox (8.59479pt too wide) in paragraph at lines 1--3
[][][][][][][] 
 []

LaTeX Font Info:    Try loading font information for OMS+ppl on input line 3.
(/usr/share/texlive/texmf-dist/tex/latex/psnfss/omsppl.fd
File: omsppl.fd 
)
LaTeX Font Info:    Font shape `OMS/ppl/m/n' in size <10> not available
(Font)              Font shape `OMS/cmsy/m/n' tried instead on input line 3.
LaTeX Font Info:    Font shape `T1/ppl/bx/n' in size <10> not available
(Font)              Font shape `T1/ppl/b/n' tried instead on input line 3.

Underfull \hbox (badness 10000) in paragraph at lines 3--6

 []

LaTeX Font Info:    External font `cmex10' loaded for size
(Font)              <7> on input line 6.

Underfull \hbox (badness 10000) in paragraph at lines 6--7

 []


Underfull \hbox (badness 10000) in paragraph at lines 8--10

 []


Underfull \hbox (badness 10000) in paragraph at lines 10--11

 []


Underfull \hbox (badness 10000) in paragraph at lines 11--12

 []


Overfull \hbox (3.56578pt too wide) in paragraph at lines 13--15
[]\T1/ppl/m/it/10 Future work: \T1/ppl/m/n/10 De-vl-op-ment of Power Man-age-me
nt tool for Vir-tu-al-ized sys-tem to man-age power ef-fi-ciently 
 []


Underfull \hbox (badness 10000) in paragraph at lines 13--15

 []


Underfull \hbox (badness 10000) in paragraph at lines 16--19

 []


Underfull \hbox (badness 10000) in paragraph at lines 19--20

 []


Underfull \hbox (badness 10000) in paragraph at lines 20--21

 []


Underfull \hbox (badness 10000) in paragraph at lines 21--23

 []

) (./ProjectsShort.tex
Overfull \hbox (8.59479pt too wide) in paragraph at lines 1--3
[][][][][][][] 
 []


Underfull \hbox (badness 10000) in paragraph at lines 4--7

 []


Underfull \hbox (badness 10000) in paragraph at lines 7--8

 []


Underfull \hbox (badness 10000) in paragraph at lines 8--9

 []


Underfull \hbox (badness 10000) in paragraph at lines 11--14

 []


Underfull \hbox (badness 10000) in paragraph at lines 14--15

 []

) (./BEprojects.tex
Overfull \hbox (8.59479pt too wide) in paragraph at lines 1--3
[][][][][][][] 
 []


Underfull \hbox (badness 10000) in paragraph at lines 4--6

 []


Underfull \hbox (badness 10000) in paragraph at lines 6--7

 []

) (./MtechCourses.tex
Overfull \hbox (8.59479pt too wide) in paragraph at lines 1--4
[][][][][][][]
 []


Underfull \hbox (badness 10000) in paragraph at lines 1--4

 []


Underfull \hbox (badness 10000) in paragraph at lines 7--8

 []


Underfull \hbox (badness 10000) in paragraph at lines 8--9

 []


Overfull \hbox (2.06215pt too wide) in paragraph at lines 9--10
[]\T1/ppl/m/n/10 Advanced Computer-Network 
 []


Underfull \hbox (badness 10000) in paragraph at lines 9--10

 []


Underfull \hbox (badness 10000) in paragraph at lines 14--15

 []


Underfull \hbox (badness 10000) in paragraph at lines 15--16

 []


Underfull \hbox (badness 10000) in paragraph at lines 21--22
[]\T1/ppl/m/n/10 Performance Anal-y-sis of
 []


Underfull \hbox (badness 10000) in paragraph at lines 21--22
\T1/ppl/m/n/10 Com-puter Sys-tems and
 []


Underfull \hbox (badness 10000) in paragraph at lines 21--22

 []

) (./TechnicalSkills.tex
Overfull \hbox (8.59479pt too wide) in paragraph at lines 1--3
[][][][][][][] 
 []

[1

{/var/lib/texmf/fonts/map/pdftex/updmap/pdftex.map}]
Underfull \hbox (badness 10000) in paragraph at lines 4--5

 []


Underfull \hbox (badness 10000) in paragraph at lines 5--6

 []


Underfull \hbox (badness 10000) in paragraph at lines 9--10

 []


Underfull \hbox (badness 8000) in paragraph at lines 10--11
[]\T1/ppl/b/n/10 Operating Sys-tems\T1/ppl/m/n/10 : Ubuntu,Debian Linux,
 []


Underfull \hbox (badness 10000) in paragraph at lines 10--11

 []


Underfull \hbox (badness 10000) in paragraph at lines 11--12

 []

) (./FieldInterest.tex)
Overfull \hbox (8.59479pt too wide) in paragraph at lines 1--72
[][][][][][][] 
 []

(./POR.tex
Overfull \hbox (8.59479pt too wide) in paragraph at lines 1--3
[][][][][][][] 
 []


Underfull \hbox (badness 10000) in paragraph at lines 3--5

 []


Underfull \hbox (badness 10000) in paragraph at lines 5--7

 []


Underfull \hbox (badness 10000) in paragraph at lines 7--9

 []

) (./ExtraCurricular.tex
Overfull \hbox (8.59479pt too wide) in paragraph at lines 1--3
[][][][][][][] 
 []


Underfull \hbox (badness 10000) in paragraph at lines 3--4

 []

) [2] (./143050038.aux)

LaTeX Font Warning: Some font shapes were not available, defaults substituted.

 ) 
Here is how much of TeX's memory you used:
 3061 strings out of 494976
 43075 string characters out of 6179137
 120222 words of memory out of 5000000
 6202 multiletter control sequences out of 15000+600000
 15660 words of font info for 33 fonts, out of 8000000 for 9000
 14 hyphenation exceptions out of 8191
 38i,5n,24p,242b,324s stack positions out of 5000i,500n,10000p,200000b,80000s
{/usr/share/texlive/texmf-dist/fonts/enc/dvips/base/8r.enc}</usr/share/texliv
e/texmf-dist/fonts/type1/public/amsfonts/cm/cmsy10.pfb></usr/share/texlive/texm
f-dist/fonts/type1/urw/palatino/uplb8a.pfb></usr/share/texlive/texmf-dist/fonts
/type1/urw/palatino/uplr8a.pfb></usr/share/texlive/texmf-dist/fonts/type1/urw/p
alatino/uplri8a.pfb>
Output written on 143050038.pdf (2 pages, 69227 bytes).
PDF statistics:
 28 PDF objects out of 1000 (max. 8388607)
 19 compressed objects within 1 object stream
 0 named destinations out of 1000 (max. 500000)
 1 words of extra memory for PDF output out of 10000 (max. 10000000)

