This is pdfTeX, Version 3.1415926-2.5-1.40.14 (TeX Live 2013/Debian) (format=pdflatex 2015.8.13)  13 AUG 2015 19:35
entering extended mode
 restricted \write18 enabled.
 %&-line parsing enabled.
**ProjectsShort.tex
(./ProjectsShort.tex
LaTeX2e <2011/06/27>
Babel <3.9h> and hyphenation patterns for 9 languages loaded.
! Undefined control sequence.
l.1 \resheading
               {Course Projects}
The control sequence at the end of the top line
of your error message was never \def'ed. If you have
misspelled it (e.g., `\hobx'), type `I' and the correct
spelling (e.g., `I\hbox'). Otherwise just continue,
and I'll forget about whatever was undefined.


! LaTeX Error: Missing \begin{document}.

See the LaTeX manual or LaTeX Companion for explanation.
Type  H <return>  for immediate help.
 ...                                              
                                                  
l.1 \resheading{C
                 ourse Projects}
You're in trouble here.  Try typing  <return>  to proceed.
If that doesn't work, type  X <return>  to quit.

Missing character: There is no C in font nullfont!
Missing character: There is no o in font nullfont!
Missing character: There is no u in font nullfont!
Missing character: There is no r in font nullfont!
Missing character: There is no s in font nullfont!
Missing character: There is no e in font nullfont!
Missing character: There is no P in font nullfont!
Missing character: There is no r in font nullfont!
Missing character: There is no o in font nullfont!
Missing character: There is no j in font nullfont!
Missing character: There is no e in font nullfont!
Missing character: There is no c in font nullfont!
Missing character: There is no t in font nullfont!
Missing character: There is no s in font nullfont!

Overfull \hbox (20.0pt too wide) in paragraph at lines 1--2
[] 
 []


Overfull \hbox (53.82608pt too wide) in paragraph at lines 3--5
\OT1/cmr/bx/n/10 Simulation
 []


Overfull \hbox (27.70122pt too wide) in paragraph at lines 3--5
\OT1/cmr/bx/n/10 Anal-
 []


Overfull \hbox (9.90273pt too wide) in paragraph at lines 3--5
\OT1/cmr/bx/n/10 y-
 []


Overfull \hbox (12.26657pt too wide) in paragraph at lines 3--5
\OT1/cmr/bx/n/10 sis
 []


Overfull \hbox (9.26384pt too wide) in paragraph at lines 3--5
\OT1/cmr/bx/n/10 of
 []


Overfull \hbox (22.59016pt too wide) in paragraph at lines 3--5
\OT1/cmr/bx/n/10 Web
 []


Overfull \hbox (18.91656pt too wide) in paragraph at lines 3--5
\OT1/cmr/bx/n/10 Ap-
 []


Overfull \hbox (16.61102pt too wide) in paragraph at lines 3--5
\OT1/cmr/bx/n/10 pli-
 []


Overfull \hbox (14.53462pt too wide) in paragraph at lines 3--5
\OT1/cmr/bx/n/10 ca-
 []


Overfull \hbox (19.80545pt too wide) in paragraph at lines 3--5
\OT1/cmr/bx/n/10 tion
 []


Overfull \hbox (3.06665pt too wide) in paragraph at lines 3--5
\OT1/cmr/m/it/10 [
 []


Overfull \hbox (28.11095pt too wide) in paragraph at lines 3--5
\OT1/cmr/m/it/10 CS681
 []


Overfull \hbox (19.17763pt too wide) in paragraph at lines 3--5
\OT1/cmr/m/it/10 Per-
 []


Overfull \hbox (15.9721pt too wide) in paragraph at lines 3--5
\OT1/cmr/m/it/10 for-
 []


Overfull \hbox (27.59981pt too wide) in paragraph at lines 3--5
\OT1/cmr/m/it/10 mance
 []


Overfull \hbox (22.62762pt too wide) in paragraph at lines 3--5
\OT1/cmr/m/it/10 Eval-
 []


Overfull \hbox (8.94438pt too wide) in paragraph at lines 3--5
\OT1/cmr/m/it/10 u-
 []


Overfull \hbox (8.68883pt too wide) in paragraph at lines 3--5
\OT1/cmr/m/it/10 a-
 []


Overfull \hbox (17.12212pt too wide) in paragraph at lines 3--5
\OT1/cmr/m/it/10 tion
 []


Overfull \hbox (8.17773pt too wide) in paragraph at lines 3--5
\OT1/cmr/m/it/10 of
 []


Overfull \hbox (24.02206pt too wide) in paragraph at lines 3--5
\OT1/cmr/m/it/10 Com-
 []


Overfull \hbox (22.6165pt too wide) in paragraph at lines 3--5
\OT1/cmr/m/it/10 puter
 []


Overfull \hbox (18.14432pt too wide) in paragraph at lines 3--5
\OT1/cmr/m/it/10 Sys-
 []


Overfull \hbox (20.18875pt too wide) in paragraph at lines 3--5
\OT1/cmr/m/it/10 tems
 []


Overfull \hbox (15.84436pt too wide) in paragraph at lines 3--5
\OT1/cmr/m/it/10 and
 []


Overfull \hbox (18.93318pt too wide) in paragraph at lines 3--5
\OT1/cmr/m/it/10 Net-
 []


Overfull \hbox (28.78038pt too wide) in paragraph at lines 3--5
\OT1/cmr/m/it/10 works] 
 []


Overfull \hbox (34.56923pt too wide) in paragraph at lines 3--5
\OT1/cmr/m/it/10 (Guided
 []


Overfull \hbox (9.45547pt too wide) in paragraph at lines 3--5
\OT1/cmr/m/it/10 by
 []


Overfull \hbox (21.73318pt too wide) in paragraph at lines 3--5
\OT1/cmr/m/it/10 Prof.
 []


Overfull \hbox (19.57208pt too wide) in paragraph at lines 3--5
\OT1/cmr/m/it/10 Var-
 []


Overfull \hbox (14.31104pt too wide) in paragraph at lines 3--5
\OT1/cmr/m/it/10 sha
 []


Overfull \hbox (23.53317pt too wide) in paragraph at lines 3--5
\OT1/cmr/m/it/10 Apte,
 []


Overfull \hbox (28.23871pt too wide) in paragraph at lines 3--5
\OT1/cmr/m/it/10 Spring
 []


Overfull \hbox (24.5332pt too wide) in paragraph at lines 3--5
\OT1/cmr/m/it/10 2014)
 []


Overfull \hbox (38.00673pt too wide) in paragraph at lines 5--7
\OT1/cmr/bx/n/10 Extract
 []


Overfull \hbox (13.4166pt too wide) in paragraph at lines 5--7
\OT1/cmr/bx/n/10 in-
 []


Overfull \hbox (17.83325pt too wide) in paragraph at lines 5--7
\OT1/cmr/bx/n/10 for-
 []


Overfull \hbox (19.00682pt too wide) in paragraph at lines 5--7
\OT1/cmr/bx/n/10 ma-
 []


Overfull \hbox (19.80545pt too wide) in paragraph at lines 5--7
\OT1/cmr/bx/n/10 tion
 []


Overfull \hbox (9.26384pt too wide) in paragraph at lines 5--7
\OT1/cmr/bx/n/10 of
 []


Overfull \hbox (21.40266pt too wide) in paragraph at lines 5--7
\OT1/cmr/bx/n/10 RSS
 []


Overfull \hbox (18.36794pt too wide) in paragraph at lines 5--7
\OT1/cmr/bx/n/10 and
 []


Overfull \hbox (24.66653pt too wide) in paragraph at lines 5--7
\OT1/cmr/bx/n/10 WSS
 []


Overfull \hbox (9.26384pt too wide) in paragraph at lines 5--7
\OT1/cmr/bx/n/10 of
 []


Overfull \hbox (5.59023pt too wide) in paragraph at lines 5--7
\OT1/cmr/bx/n/10 a
 []


Overfull \hbox (22.18045pt too wide) in paragraph at lines 5--7
\OT1/cmr/bx/n/10 Pro-
 []


Overfull \hbox (19.45404pt too wide) in paragraph at lines 5--7
\OT1/cmr/bx/n/10 cess
 []


Overfull \hbox (9.58328pt too wide) in paragraph at lines 5--7
\OT1/cmr/bx/n/10 in
 []


Overfull \hbox (24.91653pt too wide) in paragraph at lines 5--7
\OT1/cmr/bx/n/10 linux
 []


Overfull \hbox (19.5902pt too wide) in paragraph at lines 5--7
\OT1/cmr/bx/n/10 ker-
 []


Overfull \hbox (14.8541pt too wide) in paragraph at lines 5--7
\OT1/cmr/bx/n/10 nel
 []


Overfull \hbox (12.13882pt too wide) in paragraph at lines 5--7
\OT1/cmr/bx/n/10 by
 []


Overfull \hbox (20.02905pt too wide) in paragraph at lines 5--7
\OT1/cmr/bx/n/10 des-
 []


Overfull \hbox (19.16656pt too wide) in paragraph at lines 5--7
\OT1/cmr/bx/n/10 gin-
 []


Overfull \hbox (15.33325pt too wide) in paragraph at lines 5--7
\OT1/cmr/bx/n/10 ing
 []


Overfull \hbox (5.59023pt too wide) in paragraph at lines 5--7
\OT1/cmr/bx/n/10 a
 []


Overfull \hbox (24.75679pt too wide) in paragraph at lines 5--7
\OT1/cmr/bx/n/10 load-
 []


Overfull \hbox (20.44432pt too wide) in paragraph at lines 5--7
\OT1/cmr/bx/n/10 able
 []


Overfull \hbox (19.5902pt too wide) in paragraph at lines 5--7
\OT1/cmr/bx/n/10 ker-
 []


Overfull \hbox (14.8541pt too wide) in paragraph at lines 5--7
\OT1/cmr/bx/n/10 nel
 []


Overfull \hbox (25.87486pt too wide) in paragraph at lines 5--7
\OT1/cmr/bx/n/10 mod-
 []


Overfull \hbox (14.8541pt too wide) in paragraph at lines 5--7
\OT1/cmr/bx/n/10 ule
 []


Overfull \hbox (3.06665pt too wide) in paragraph at lines 5--7
\OT1/cmr/m/it/10 [
 []


Overfull \hbox (28.11095pt too wide) in paragraph at lines 5--7
\OT1/cmr/m/it/10 CS401
 []


Overfull \hbox (20.08318pt too wide) in paragraph at lines 5--7
\OT1/cmr/m/it/10 Ker-
 []


Overfull \hbox (12.7777pt too wide) in paragraph at lines 5--7
\OT1/cmr/m/it/10 nel
 []


Overfull \hbox (19.17763pt too wide) in paragraph at lines 5--7
\OT1/cmr/m/it/10 Pro-
 []


Overfull \hbox (25.17203pt too wide) in paragraph at lines 5--7
\OT1/cmr/m/it/10 gram-
 []


Overfull \hbox (21.46654pt too wide) in paragraph at lines 5--7
\OT1/cmr/m/it/10 ming
 []


Overfull \hbox (3.06665pt too wide) in paragraph at lines 5--7
\OT1/cmr/m/it/10 ]
 []


Overfull \hbox (34.56923pt too wide) in paragraph at lines 5--7
\OT1/cmr/m/it/10 (Guided
 []


Overfull \hbox (9.45547pt too wide) in paragraph at lines 5--7
\OT1/cmr/m/it/10 by
 []


Overfull \hbox (21.73318pt too wide) in paragraph at lines 5--7
\OT1/cmr/m/it/10 Prof.
 []


Overfull \hbox (15.72768pt too wide) in paragraph at lines 5--7
\OT1/cmr/m/it/10 Pu-
 []


Overfull \hbox (30.79424pt too wide) in paragraph at lines 5--7
\OT1/cmr/m/it/10 rushot-
 []


Overfull \hbox (16.61101pt too wide) in paragraph at lines 5--7
\OT1/cmr/m/it/10 tam
 []


Overfull \hbox (28.89981pt too wide) in paragraph at lines 5--7
\OT1/cmr/m/it/10 Kulka-
 []


Overfull \hbox (12.90547pt too wide) in paragraph at lines 5--7
\OT1/cmr/m/it/10 rni
 []


Overfull \hbox (28.23871pt too wide) in paragraph at lines 5--7
\OT1/cmr/m/it/10 Spring
 []


Overfull \hbox (24.90263pt too wide) in paragraph at lines 5--7
\OT1/cmr/m/it/10 2015) 
 []


Overfull \hbox (56.27887pt too wide) in paragraph at lines 7--9
\OT1/cmr/bx/n/10 Instrument
 []


Overfull \hbox (16.13187pt too wide) in paragraph at lines 7--9
\OT1/cmr/bx/n/10 the
 []


Overfull \hbox (31.20955pt too wide) in paragraph at lines 7--9
\OT1/cmr/bx/n/10 sched-
 []


Overfull \hbox (19.5902pt too wide) in paragraph at lines 7--9
\OT1/cmr/bx/n/10 uler
 []


Overfull \hbox (25.23598pt too wide) in paragraph at lines 7--9
\OT1/cmr/bx/n/10 func-
 []


Overfull \hbox (24.34152pt too wide) in paragraph at lines 7--9
\OT1/cmr/bx/n/10 tions
 []


Overfull \hbox (26.83319pt too wide) in paragraph at lines 7--9
\OT1/cmr/bx/n/10 (with
 []


Overfull \hbox (33.28592pt too wide) in paragraph at lines 7--9
\OT1/cmr/bx/n/10 hooks)
 []


Overfull \hbox (10.22217pt too wide) in paragraph at lines 7--9
\OT1/cmr/bx/n/10 to
 []


Overfull \hbox (21.24295pt too wide) in paragraph at lines 7--9
\OT1/cmr/bx/n/10 gen-
 []


Overfull \hbox (13.84023pt too wide) in paragraph at lines 7--9
\OT1/cmr/bx/n/10 er-
 []


Overfull \hbox (15.33324pt too wide) in paragraph at lines 7--9
\OT1/cmr/bx/n/10 ate
 []


Overfull \hbox (50.79974pt too wide) in paragraph at lines 7--9
\OT1/cmr/bx/n/10 scheduler-
 []


Overfull \hbox (22.68045pt too wide) in paragraph at lines 7--9
\OT1/cmr/bx/n/10 level
 []


Overfull \hbox (18.36794pt too wide) in paragraph at lines 7--9
\OT1/cmr/bx/n/10 and
 []


Overfull \hbox (40.48172pt too wide) in paragraph at lines 7--9
\OT1/cmr/bx/n/10 process-
 []


Overfull \hbox (22.68045pt too wide) in paragraph at lines 7--9
\OT1/cmr/bx/n/10 level
 []


Overfull \hbox (30.6345pt too wide) in paragraph at lines 7--9
\OT1/cmr/bx/n/10 statis-
 []


Overfull \hbox (17.31378pt too wide) in paragraph at lines 7--9
\OT1/cmr/bx/n/10 tics
 []


Overfull \hbox (3.06665pt too wide) in paragraph at lines 7--9
\OT1/cmr/m/it/10 [
 []


Overfull \hbox (28.11095pt too wide) in paragraph at lines 7--9
\OT1/cmr/m/it/10 CS401
 []


Overfull \hbox (20.08318pt too wide) in paragraph at lines 7--9
\OT1/cmr/m/it/10 Ker-
 []


Overfull \hbox (12.7777pt too wide) in paragraph at lines 7--9
\OT1/cmr/m/it/10 nel
 []


Overfull \hbox (19.17763pt too wide) in paragraph at lines 7--9
\OT1/cmr/m/it/10 Pro-
 []


Overfull \hbox (25.17203pt too wide) in paragraph at lines 7--9
\OT1/cmr/m/it/10 gram-
 []


Overfull \hbox (21.46654pt too wide) in paragraph at lines 7--9
\OT1/cmr/m/it/10 ming
 []


Overfull \hbox (3.06665pt too wide) in paragraph at lines 7--9
\OT1/cmr/m/it/10 ]
 []


Overfull \hbox (34.56923pt too wide) in paragraph at lines 7--9
\OT1/cmr/m/it/10 (Guided
 []


Overfull \hbox (9.45547pt too wide) in paragraph at lines 7--9
\OT1/cmr/m/it/10 by
 []


Overfull \hbox (21.73318pt too wide) in paragraph at lines 7--9
\OT1/cmr/m/it/10 Prof.
 []


Overfull \hbox (15.72768pt too wide) in paragraph at lines 7--9
\OT1/cmr/m/it/10 Pu-
 []


Overfull \hbox (30.79424pt too wide) in paragraph at lines 7--9
\OT1/cmr/m/it/10 rushot-
 []


Overfull \hbox (16.61101pt too wide) in paragraph at lines 7--9
\OT1/cmr/m/it/10 tam
 []


Overfull \hbox (28.89981pt too wide) in paragraph at lines 7--9
\OT1/cmr/m/it/10 Kulka-
 []


Overfull \hbox (12.90547pt too wide) in paragraph at lines 7--9
\OT1/cmr/m/it/10 rni
 []


Overfull \hbox (24.90263pt too wide) in paragraph at lines 7--9
\OT1/cmr/m/it/10 2015) 
 []


Overfull \hbox (60.28438pt too wide) in paragraph at lines 10--12
\OT1/cmr/bx/n/10 Automation
 []


Overfull \hbox (9.26384pt too wide) in paragraph at lines 10--12
\OT1/cmr/bx/n/10 of
 []


Overfull \hbox (16.6749pt too wide) in paragraph at lines 10--12
\OT1/cmr/bx/n/10 ns3
 []


Overfull \hbox (21.1471pt too wide) in paragraph at lines 10--12
\OT1/cmr/bx/n/10 sim-
 []


Overfull \hbox (10.22217pt too wide) in paragraph at lines 10--12
\OT1/cmr/bx/n/10 u-
 []


Overfull \hbox (12.61797pt too wide) in paragraph at lines 10--12
\OT1/cmr/bx/n/10 la-
 []


Overfull \hbox (19.80545pt too wide) in paragraph at lines 10--12
\OT1/cmr/bx/n/10 tion
 []


Overfull \hbox (18.36794pt too wide) in paragraph at lines 10--12
\OT1/cmr/bx/n/10 and
 []


Overfull \hbox (28.854pt too wide) in paragraph at lines 10--12
\OT1/cmr/bx/n/10 graph
 []


Overfull \hbox (21.24295pt too wide) in paragraph at lines 10--12
\OT1/cmr/bx/n/10 gen-
 []


Overfull \hbox (14.15964pt too wide) in paragraph at lines 10--12
\OT1/cmr/bx/n/10 ra-
 []


Overfull \hbox (19.80545pt too wide) in paragraph at lines 10--12
\OT1/cmr/bx/n/10 tion
 []


Overfull \hbox (3.06665pt too wide) in paragraph at lines 10--12
\OT1/cmr/m/it/10 [
 []


Overfull \hbox (28.11095pt too wide) in paragraph at lines 10--12
\OT1/cmr/m/it/10 CS699
 []


Overfull \hbox (3.06665pt too wide) in paragraph at lines 10--12
\OT1/cmr/m/it/10 ]
 []


Overfull \hbox (34.56923pt too wide) in paragraph at lines 10--12
\OT1/cmr/m/it/10 (Guided
 []


Overfull \hbox (9.45547pt too wide) in paragraph at lines 10--12
\OT1/cmr/m/it/10 by
 []


Overfull \hbox (45.49971pt too wide) in paragraph at lines 10--12
\OT1/cmr/m/it/10 Bhaskaran
 []


Overfull \hbox (15.4721pt too wide) in paragraph at lines 10--12
\OT1/cmr/m/it/10 Ra-
 []


Overfull \hbox (18.91101pt too wide) in paragraph at lines 10--12
\OT1/cmr/m/it/10 man
 []


Overfull \hbox (16.1221pt too wide) in paragraph at lines 10--12
\OT1/cmr/m/it/10 Au-
 []


Overfull \hbox (22.48875pt too wide) in paragraph at lines 10--12
\OT1/cmr/m/it/10 tumn
 []


Overfull \hbox (24.90263pt too wide) in paragraph at lines 10--12
\OT1/cmr/m/it/10 2014) 
 []

)
! Emergency stop.
<*> ProjectsShort.tex
                     
*** (job aborted, no legal \end found)

 
Here is how much of TeX's memory you used:
 12 strings out of 494935
 219 string characters out of 6178122
 50369 words of memory out of 5000000
 3343 multiletter control sequences out of 15000+600000
 4294 words of font info for 16 fonts, out of 8000000 for 9000
 36 hyphenation exceptions out of 8191
 14i,1n,10p,199b,116s stack positions out of 5000i,500n,10000p,200000b,80000s
!  ==> Fatal error occurred, no output PDF file produced!
